<?xml version="1.0" encoding="UTF-8"?>
<testng-results skipped="0" failed="0" ignored="0" total="1" passed="1">
  <reporter-output>
  </reporter-output>
  <suite name="Default suite" duration-ms="42565" started-at="2020-02-01T19:31:26Z" finished-at="2020-02-01T19:32:09Z">
    <groups>
    </groups>
    <test name="Default test" duration-ms="42565" started-at="2020-02-01T19:31:26Z" finished-at="2020-02-01T19:32:09Z">
      <class name="com.flipkart.SearchElements_TC">
        <test-method status="PASS" signature="init()[pri:0, instance:com.flipkart.SearchElements_TC@1ce4f0a]" name="init" is-config="true" duration-ms="22171" started-at="2020-02-01T19:31:26Z" finished-at="2020-02-01T19:31:48Z">
          <reporter-output>
          </reporter-output>
        </test-method> <!-- init -->
        <test-method status="PASS" signature="searchText()[pri:0, instance:com.flipkart.SearchElements_TC@1ce4f0a]" name="searchText" duration-ms="19942" started-at="2020-02-01T19:31:49Z" finished-at="2020-02-01T19:32:08Z">
          <reporter-output>
          </reporter-output>
        </test-method> <!-- searchText -->
      </class> <!-- com.flipkart.SearchElements_TC -->
    </test> <!-- Default test -->
  </suite> <!-- Default suite -->
</testng-results>
