<?xml version="1.0" encoding="UTF-8"?>
<testng-results skipped="0" failed="0" ignored="0" total="2" passed="2">
  <reporter-output>
  </reporter-output>
  <suite name="Default suite" duration-ms="36744" started-at="2020-02-18T07:03:43Z" finished-at="2020-02-18T07:04:20Z">
    <groups>
    </groups>
    <test name="Default test" duration-ms="36744" started-at="2020-02-18T07:03:43Z" finished-at="2020-02-18T07:04:20Z">
      <class name="com.flipkart.Dropdown_TC">
        <test-method status="PASS" signature="init()[pri:0, instance:com.flipkart.Dropdown_TC@4f787b]" name="init" is-config="true" duration-ms="17814" started-at="2020-02-18T07:03:43Z" finished-at="2020-02-18T07:04:01Z">
          <reporter-output>
          </reporter-output>
        </test-method> <!-- init -->
        <test-method status="PASS" signature="run()[pri:0, instance:com.flipkart.Dropdown_TC@4f787b]" name="run" duration-ms="7233" started-at="2020-02-18T07:04:01Z" finished-at="2020-02-18T07:04:09Z">
          <reporter-output>
          </reporter-output>
        </test-method> <!-- run -->
        <test-method status="PASS" signature="verify()[pri:0, instance:com.flipkart.Dropdown_TC@4f787b]" name="verify" duration-ms="11554" started-at="2020-02-18T07:04:09Z" finished-at="2020-02-18T07:04:20Z">
          <reporter-output>
          </reporter-output>
        </test-method> <!-- verify -->
      </class> <!-- com.flipkart.Dropdown_TC -->
    </test> <!-- Default test -->
  </suite> <!-- Default suite -->
</testng-results>
