<?xml version="1.0" encoding="UTF-8"?>
<!-- Generated by org.testng.reporters.JUnitXMLReporter -->
<testsuite hostname="DESKTOP-4PTNCRH" ignored="0" name="ecommerce Site" tests="2" failures="0" timestamp="01 Feb 2020 11:20:01 GMT" time="0.205" errors="0">
  <testcase name="@BeforeTest initclass" time="0.048" classname="com.flipkart.FlipkartLogin">
    <failure type="java.lang.NullPointerException" message="key can&amp;apos;t be null">
      <![CDATA[java.lang.NullPointerException: key can't be null
at java.lang.System.checkKey(Unknown Source)
at java.lang.System.setProperty(Unknown Source)
at Interactions.LoginPageaction.<init>(LoginPageaction.java:16)
at com.flipkart.FlipkartLogin.initclass(FlipkartLogin.java:11)
at java.util.concurrent.FutureTask.run(Unknown Source)
at java.util.concurrent.ThreadPoolExecutor.runWorker(Unknown Source)
at java.util.concurrent.ThreadPoolExecutor$Worker.run(Unknown Source)
at java.lang.Thread.run(Unknown Source)
... Removed 15 stack frames]]>
    </failure>
  </testcase> <!-- @BeforeTest initclass -->
  <testcase name="@BeforeTest initclass" time="0.0" classname="com.flipkart.FlipkartLogout">
    <skipped/>
  </testcase> <!-- @BeforeTest initclass -->
  <testcase name="login" time="0.0" classname="com.flipkart.FlipkartLogin">
    <skipped/>
  </testcase> <!-- login -->
  <testcase name="logout" time="0.0" classname="com.flipkart.FlipkartLogout">
    <skipped/>
  </testcase> <!-- logout -->
</testsuite> <!-- ecommerce Site -->
